Using pre-set license
Built from '2020.3/staging' branch; Version is '2020.3.22f1 (e1a7f79fd887) revision 14788599'; Using compiler version '192528614'; Build Type 'Release'
OS: 'Windows 10 Home China; OS build 22000.376; Version 2009; 64bit' Language: 'zh' Physical Memory: 24323 MB
BatchMode: 1, IsHumanControllingUs: 0, StartBugReporterOnCrash: 0, Is64bit: 1, IsPro: 0

COMMAND LINE ARGUMENTS:
D:\Program Files (x86)\2020.3.22f1\Editor\Unity.exe
-adb2
-batchMode
-noUpm
-name
AssetImportWorker27
-projectPath
D:/Learn/Unity/Unity2dFirstGame
-logFile
Logs/AssetImportWorker27.log
-srvPort
61846
Successfully changed project path to: D:/Learn/Unity/Unity2dFirstGame
D:/Learn/Unity/Unity2dFirstGame
Using Asset Import Pipeline V2.
Refreshing native plugins compatible for Editor in 449.23 ms, found 3 plugins.
Preloading 0 native plugins for Editor in 0.00 ms.
Initialize engine version: 2020.3.22f1 (e1a7f79fd887)
[Subsystems] Discovering subsystems at path D:/Program Files (x86)/2020.3.22f1/Editor/Data/Resources/UnitySubsystems
[Subsystems] Discovering subsystems at path D:/Learn/Unity/Unity2dFirstGame/Assets
GfxDevice: creating device client; threaded=0
