Using pre-set license
Built from '2020.3/release' branch; Version is '2020.3.27f1 (e759542391ea) revision 15161684'; Using compiler version '192528614'; Build Type 'Release'
OS: 'Windows 11  (10.0.22000) 64bit CoreCountrySpecific' Language: 'zh' Physical Memory: 24323 MB
BatchMode: 1, IsHumanControllingUs: 0, StartBugReporterOnCrash: 0, Is64bit: 1, IsPro: 0

COMMAND LINE ARGUMENTS:
D:\Program Files\Unity 2020.3.27f1\Editor\Unity.exe
-adb2
-batchMode
-noUpm
-name
AssetImportWorker1
-projectPath
D:/Learn/Unity/Unity2dFirstGame
-logFile
Logs/AssetImportWorker1.log
-srvPort
51420
Successfully changed project path to: D:/Learn/Unity/Unity2dFirstGame
D:/Learn/Unity/Unity2dFirstGame
Using Asset Import Pipeline V2.
Refreshing native plugins compatible for Editor in 374.36 ms, found 3 plugins.
Preloading 0 native plugins for Editor in 0.00 ms.
Initialize engine version: 2020.3.27f1 (e759542391ea)
[Subsystems] Discovering subsystems at path D:/Program Files/Unity 2020.3.27f1/Editor/Data/Resources/UnitySubsystems
[Subsystems] Discovering subsystems at path D:/Learn/Unity/Unity2dFirstGame/Assets
GfxDevice: creating device client; threaded=0
Direct3D:
    Version:  Direct3D 11.0 [level 11.1]
    Renderer: NVIDIA GeForce MX250 (ID=0x1d13)
    Vendor:   
    VRAM:     1983 MB
    Driver:   30.0.14.7242
Initialize mono
Mono path[0] = 'D:/Program Files/Unity 2020.3.27f1/Editor/Data/Managed'
Mono path[1] = 'D:/Program Files/Unity 2020.3.27f1/Editor/Data/MonoBleedingEdge/lib/mono/unityjit'
Mono config path = 'D:/Program Files/Unity 2020.3.27f1/Editor/Data/MonoBleedingEdge/etc'
Using monoOptions --debugger-agent=transport=dt_socket,embedding=1,server=y,suspend=n,address=127.0.0.1:56728
Begin MonoManager ReloadAssembly
Registering precompiled unity dll's ...
Register platform support module: D:/Program Files/Unity 2020.3.27f1/Editor/Data/PlaybackEngines/WindowsStandaloneSupport/UnityEditor.WindowsStandalone.Extensions.dll
Registered in 0.029291 seconds.
Native extension for WindowsStandalone target not found
Refreshing native plugins compatible for Editor in 425.64 ms, found 3 plugins.
Preloading 0 native plugins for Editor in 0.00 ms.
Mono: successfully reloaded assembly
- Completed reload, in  4.572 seconds
Domain Reload Profiling:
	ReloadAssembly (4573ms)
		BeginReloadAssembly (531ms)
			ExecutionOrderSort (0ms)
			DisableScriptedObjects (0ms)
			BackupInstance (0ms)
			ReleaseScriptingObjects (0ms)
			CreateAndSetChildDomain (4ms)
		EndReloadAssembly (3595ms)
			LoadAssemblies (504ms)
			RebuildTransferFunctionScriptingTraits (0ms)
			SetupTypeCache (945ms)
			ReleaseScriptCaches (0ms)
			RebuildScriptCaches (302ms)
			SetupLoadedEditorAssemblies (1389ms)
				LogAssemblyErrors (0ms)
				InitializePlatformSupportModulesInManaged (35ms)
				SetLoadedEditorAssemblies (1ms)
				RefreshPlugins (426ms)
				BeforeProcessingInitializeOnLoad (102ms)
				ProcessInitializeOnLoadAttributes (650ms)
				ProcessInitializeOnLoadMethodAttributes (173ms)
				AfterProcessingInitializeOnLoad (0ms)
				EditorAssembliesLoaded (1ms)
			ExecutionOrderSort2 (0ms)
			AwakeInstancesAfterBackupRestoration (0ms)
Platform modules already initialized, skipping
Registering precompiled user dll's ...
Registered in 0.047464 seconds.
Begin MonoManager ReloadAssembly
Native extension for WindowsStandalone target not found
Refreshing native plugins compatible for Editor in 451.54 ms, found 3 plugins.
Preloading 0 native plugins for Editor in 0.00 ms.
Mono: successfully reloaded assembly
- Completed reload, in  9.823 seconds
Domain Reload Profiling:
	ReloadAssembly (9829ms)
		BeginReloadAssembly (1520ms)
			ExecutionOrderSort (0ms)
			DisableScriptedObjects (41ms)
			BackupInstance (0ms)
			ReleaseScriptingObjects (0ms)
			CreateAndSetChildDomain (105ms)
		EndReloadAssembly (7838ms)
			LoadAssemblies (1017ms)
			RebuildTransferFunctionScriptingTraits (0ms)
			SetupTypeCache (2893ms)
			ReleaseScriptCaches (2ms)
			RebuildScriptCaches (408ms)
			SetupLoadedEditorAssemblies (2856ms)
				LogAssemblyErrors (0ms)
				InitializePlatformSupportModulesInManaged (28ms)
				SetLoadedEditorAssemblies (1ms)
				RefreshPlugins (452ms)
				BeforeProcessingInitializeOnLoad (876ms)
				ProcessInitializeOnLoadAttributes (1335ms)
				ProcessInitializeOnLoadMethodAttributes (102ms)
				AfterProcessingInitializeOnLoad (61ms)
				EditorAssembliesLoaded (1ms)
			ExecutionOrderSort2 (0ms)
			AwakeInstancesAfterBackupRestoration (34ms)
Platform modules already initialized, skipping
========================================================================
Worker process is ready to serve import requests
Launched and connected shader compiler UnityShaderCompiler.exe after 0.69 seconds
Refreshing native plugins compatible for Editor in 4.99 ms, found 3 plugins.
Preloading 0 native plugins for Editor in 0.00 ms.
Unloading 2373 Unused Serialized files (Serialized files now loaded: 0)
System memory in use before: 103.8 MB.
System memory in use after: 104.0 MB.

Unloading 29 unused Assets to reduce memory usage. Loaded Objects now: 2809.
Total: 31.521000 ms (FindLiveObjects: 1.340400 ms CreateObjectMapping: 1.036000 ms MarkObjects: 28.175800 ms  DeleteObjects: 0.960200 ms)

AssetImportParameters requested are different than current active one (requested -> active):
  custom:framework-win-MediaFoundation: 216162199b28c13a410421893ffa2e32 -> 
  custom:video-decoder-ogg-theora: a1e56fd34408186e4bbccfd4996cb3dc -> 
  custom:container-muxer-webm: aa71ff27fc2769a1b78a27578f13a17b -> 
  custom:container-demuxer-webm: 4f35f7cbe854078d1ac9338744f61a02 -> 
  custom:container-demuxer-ogg: 62fdf1f143b41e24485cea50d1cbac27 -> 
  custom:video-encoder-webm-vp8: eb34c28f22e8b96e1ab97ce403110664 -> 
  custom:video-codec-MediaFoundation-h265: 746d11721c4dcdbdad8f713fa42b33f4 -> 
  custom:video-decoder-webm-vp8: 9c59270c3fd7afecdb556c50c9e8de78 -> 
  custom:audio-decoder-ogg-vorbis: bf7c407c2cedff20999df2af8eb42d56 -> 
  custom:audio-encoder-webm-vorbis: bf7c407c2cedff20999df2af8eb42d56 -> 
========================================================================
Received Import Request.
  path: Assets/Art/Sprites/Environmnent/FloorBricksToGrassCorner.png
  artifactKey: Guid(2ff4c9799e22f1b4c95766cc11f47530) Importer(815301076,1909f56bfc062723c751e8b465ee728b)
Start importing Assets/Art/Sprites/Environmnent/FloorBricksToGrassCorner.png using Guid(2ff4c9799e22f1b4c95766cc11f47530) Importer(815301076,1909f56bfc062723c751e8b465ee728b)  -> (artifact id: '8e1f8e1c66c583408919789600f98c82') in 3.432865 seconds 
  Import took 3.545396 seconds .

========================================================================
Received Import Request.
  Time since last request: 0.005586 seconds.
  path: Assets/Art/Sprites/Environmnent/TreeBig1.png
  artifactKey: Guid(f0cd5ad89953643408db63f9a8c50027) Importer(815301076,1909f56bfc062723c751e8b465ee728b)
Start importing Assets/Art/Sprites/Environmnent/TreeBig1.png using Guid(f0cd5ad89953643408db63f9a8c50027) Importer(815301076,1909f56bfc062723c751e8b465ee728b)  -> (artifact id: 'e399069e6b4e787ac8ec598f666dac1e') in 0.236235 seconds 
  Import took 0.279457 seconds .

========================================================================
Received Import Request.
  Time since last request: 0.001853 seconds.
  path: Assets/Art/Sprites/Environmnent/FloorGrassToBricksCorner.png
  artifactKey: Guid(df0b6f9e93b65bc4792e6cf7849c5e37) Importer(815301076,1909f56bfc062723c751e8b465ee728b)
Start importing Assets/Art/Sprites/Environmnent/FloorGrassToBricksCorner.png using Guid(df0b6f9e93b65bc4792e6cf7849c5e37) Importer(815301076,1909f56bfc062723c751e8b465ee728b)  -> (artifact id: '43346089555a542def17faee68aaf245') in 0.811775 seconds 
  Import took 0.845503 seconds .

========================================================================
Received Import Request.
  Time since last request: 0.009004 seconds.
  path: Assets/Art/Sprites/Environmnent/FloorWaterRoundCorners.png
  artifactKey: Guid(957383e82ad8601499ca4cac1dd1214a) Importer(815301076,1909f56bfc062723c751e8b465ee728b)
Start importing Assets/Art/Sprites/Environmnent/FloorWaterRoundCorners.png using Guid(957383e82ad8601499ca4cac1dd1214a) Importer(815301076,1909f56bfc062723c751e8b465ee728b)  -> (artifact id: 'de4a220c666161bb58adb97b27bdf45a') in 0.681000 seconds 
  Import took 0.717607 seconds .

========================================================================
Received Import Request.
  Time since last request: 0.001223 seconds.
  path: Assets/Art/Sprites/Environmnent/FloorGrassToBricksSquare.png
  artifactKey: Guid(ae39c96545143eb41b1618200a550c81) Importer(815301076,1909f56bfc062723c751e8b465ee728b)
Start importing Assets/Art/Sprites/Environmnent/FloorGrassToBricksSquare.png using Guid(ae39c96545143eb41b1618200a550c81) Importer(815301076,1909f56bfc062723c751e8b465ee728b)  -> (artifact id: '2204cdc24e2649fdef7979ecb396c205') in 0.416083 seconds 
  Import took 0.438863 seconds .

========================================================================
Received Import Request.
  Time since last request: 0.001540 seconds.
  path: Assets/Art/Sprites/Environmnent/FloorBricksToGrassSquare.png
  artifactKey: Guid(2e6ecdf01ba70e3489b17b3f6525fec2) Importer(815301076,1909f56bfc062723c751e8b465ee728b)
Start importing Assets/Art/Sprites/Environmnent/FloorBricksToGrassSquare.png using Guid(2e6ecdf01ba70e3489b17b3f6525fec2) Importer(815301076,1909f56bfc062723c751e8b465ee728b)  -> (artifact id: '1494182841ddabd3fcaacabcfc7db33a') in 0.276038 seconds 
  Import took 0.297052 seconds .

========================================================================
Received Import Request.
  Time since last request: 0.001575 seconds.
  path: Assets/Art/Sprites/Environmnent/FloorWaterSquareCorners.png
  artifactKey: Guid(56dfe645f43c419458abb426118088e5) Importer(815301076,1909f56bfc062723c751e8b465ee728b)
Start importing Assets/Art/Sprites/Environmnent/FloorWaterSquareCorners.png using Guid(56dfe645f43c419458abb426118088e5) Importer(815301076,1909f56bfc062723c751e8b465ee728b)  -> (artifact id: 'e310a8f4c4ccee0081856907df6a4667') in 0.539204 seconds 
  Import took 0.569320 seconds .

========================================================================
Received Import Request.
  Time since last request: 0.001753 seconds.
  path: Assets/Art/Sprites/Environmnent/MetalCube.png
  artifactKey: Guid(b9244d299d06eea4fa3e8b8b6da46af5) Importer(815301076,1909f56bfc062723c751e8b465ee728b)
Start importing Assets/Art/Sprites/Environmnent/MetalCube.png using Guid(b9244d299d06eea4fa3e8b8b6da46af5) Importer(815301076,1909f56bfc062723c751e8b465ee728b)  -> (artifact id: '3ec69213b8692431fbba3baa7b4311a0') in 0.306837 seconds 
  Import took 0.343075 seconds .

========================================================================
Received Import Request.
  Time since last request: 0.001452 seconds.
  path: Assets/Art/Sprites/Environmnent/Damageable.png
  artifactKey: Guid(0e15259342e82ee4f813807e5b28c0f3) Importer(815301076,1909f56bfc062723c751e8b465ee728b)
Start importing Assets/Art/Sprites/Environmnent/Damageable.png using Guid(0e15259342e82ee4f813807e5b28c0f3) Importer(815301076,1909f56bfc062723c751e8b465ee728b)  -> (artifact id: '03a48dddad9e3d456f52bbcef09204ef') in 0.178825 seconds 
  Import took 0.218846 seconds .

========================================================================
Received Import Request.
  Time since last request: 841.546476 seconds.
  path: Assets/Art/Sprites/Characters/JambiSheet.png
  artifactKey: Guid(255841382d607e24a8317d9ab167f414) Importer(815301076,1909f56bfc062723c751e8b465ee728b)
Start importing Assets/Art/Sprites/Characters/JambiSheet.png using Guid(255841382d607e24a8317d9ab167f414) Importer(815301076,1909f56bfc062723c751e8b465ee728b)  -> (artifact id: '6d430af58ba8f177d69370a804dcede9') in 0.084005 seconds 
  Import took 0.096320 seconds .

========================================================================
Received Import Request.
  Time since last request: 0.000531 seconds.
  path: Assets/Art/Sprites/Characters/Ruby.png
  artifactKey: Guid(0a4edbc0b988cb34e9e8ecdaef646b26) Importer(815301076,1909f56bfc062723c751e8b465ee728b)
Start importing Assets/Art/Sprites/Characters/Ruby.png using Guid(0a4edbc0b988cb34e9e8ecdaef646b26) Importer(815301076,1909f56bfc062723c751e8b465ee728b)  -> (artifact id: '3197bc5e73b04d5f21d20ca742db5cfb') in 0.041761 seconds 
  Import took 0.049012 seconds .

========================================================================
Received Import Request.
  Time since last request: 0.000529 seconds.
  path: Assets/Art/Sprites/Characters/RubySheet.png
  artifactKey: Guid(c1dbff5bcb29cdd4bbb8de3a29f2328c) Importer(815301076,1909f56bfc062723c751e8b465ee728b)
Start importing Assets/Art/Sprites/Characters/RubySheet.png using Guid(c1dbff5bcb29cdd4bbb8de3a29f2328c) Importer(815301076,1909f56bfc062723c751e8b465ee728b)  -> (artifact id: 'bc433d215ec5772815a51d328ba73d8e') in 0.245654 seconds 
  Import took 0.254116 seconds .

========================================================================
Received Import Request.
  Time since last request: 0.000467 seconds.
  path: Assets/Art/Sprites/Characters/MrClockworkSheet.png
  artifactKey: Guid(651c4abeb0812e74685da0e5a31c8dff) Importer(815301076,1909f56bfc062723c751e8b465ee728b)
Start importing Assets/Art/Sprites/Characters/MrClockworkSheet.png using Guid(651c4abeb0812e74685da0e5a31c8dff) Importer(815301076,1909f56bfc062723c751e8b465ee728b)  -> (artifact id: '6a32f1dd4f11173cd48c4427a5eef54a') in 0.213066 seconds 
  Import took 0.221146 seconds .

========================================================================
Received Import Request.
  Time since last request: 3.501378 seconds.
  path: Assets/Bot.png
  artifactKey: Guid(37ef4ad6f6bdefc47a781598a1fd6280) Importer(815301076,1909f56bfc062723c751e8b465ee728b)
Start importing Assets/Bot.png using Guid(37ef4ad6f6bdefc47a781598a1fd6280) Importer(815301076,1909f56bfc062723c751e8b465ee728b)  -> (artifact id: '2550d0a5c6007d804f0e9c593c88619a') in 0.047149 seconds 
  Import took 0.054047 seconds .

========================================================================
Received Import Request.
  Time since last request: 0.000476 seconds.
  path: Assets/New Physics Material 2D.physicsMaterial2D
  artifactKey: Guid(07b5079e6c79ebd4e9b78f1e4251664e) Importer(815301076,1909f56bfc062723c751e8b465ee728b)
Start importing Assets/New Physics Material 2D.physicsMaterial2D using Guid(07b5079e6c79ebd4e9b78f1e4251664e) Importer(815301076,1909f56bfc062723c751e8b465ee728b)  -> (artifact id: '97cf1fefd0d90f58d5580d9d3d9f73c3') in 0.049214 seconds 
  Import took 0.058609 seconds .

========================================================================
Received Import Request.
  Time since last request: 0.000797 seconds.
  path: Assets/MainMixer.mixer
  artifactKey: Guid(39684b9e1c6f264409bd3d8516c9addc) Importer(815301076,1909f56bfc062723c751e8b465ee728b)
Start importing Assets/MainMixer.mixer using Guid(39684b9e1c6f264409bd3d8516c9addc) Importer(815301076,1909f56bfc062723c751e8b465ee728b)  -> (artifact id: 'a8017734a46fb8f38462e15325d3cac7') in 0.026446 seconds 
  Import took 0.035494 seconds .

========================================================================
Received Import Request.
  Time since last request: 16.881243 seconds.
  path: Assets/Art/Sprites/Characters/Bot.png
  artifactKey: Guid(37ef4ad6f6bdefc47a781598a1fd6280) Importer(815301076,1909f56bfc062723c751e8b465ee728b)
Start importing Assets/Art/Sprites/Characters/Bot.png using Guid(37ef4ad6f6bdefc47a781598a1fd6280) Importer(815301076,1909f56bfc062723c751e8b465ee728b)  -> (artifact id: 'b550a11c22c01ad396a31689a30aba66') in 0.045495 seconds 
  Import took 0.053208 seconds .

========================================================================
Received Import Request.
  Time since last request: 663.621539 seconds.
  path: Assets/Scripts
  artifactKey: Guid(96655e201c082a049b095c531014d57d) Importer(815301076,1909f56bfc062723c751e8b465ee728b)
Start importing Assets/Scripts using Guid(96655e201c082a049b095c531014d57d) Importer(815301076,1909f56bfc062723c751e8b465ee728b)  -> (artifact id: '2b1e929ca2254c83c0c5f845a7ec58cd') in 0.014355 seconds 
  Import took 0.020959 seconds .

========================================================================
Received Import Request.
  Time since last request: 4.850989 seconds.
  path: Assets/Scripts/EnemyController.cs
  artifactKey: Guid(c3667200b368a134eae98d6fb0d05427) Importer(815301076,1909f56bfc062723c751e8b465ee728b)
Start importing Assets/Scripts/EnemyController.cs using Guid(c3667200b368a134eae98d6fb0d05427) Importer(815301076,1909f56bfc062723c751e8b465ee728b)  -> (artifact id: '16a205b9713fadd76a50f9b1873215eb') in 0.081793 seconds 
  Import took 0.091219 seconds .

========================================================================
Received Prepare
Registering precompiled user dll's ...
Registered in 0.031642 seconds.
Begin MonoManager ReloadAssembly
Native extension for WindowsStandalone target not found
Refreshing native plugins compatible for Editor in 1.63 ms, found 3 plugins.
Preloading 0 native plugins for Editor in 0.00 ms.
Mono: successfully reloaded assembly
- Completed reload, in  3.674 seconds
Domain Reload Profiling:
	ReloadAssembly (3677ms)
		BeginReloadAssembly (659ms)
			ExecutionOrderSort (0ms)
			DisableScriptedObjects (83ms)
			BackupInstance (0ms)
			ReleaseScriptingObjects (0ms)
			CreateAndSetChildDomain (228ms)
		EndReloadAssembly (2846ms)
			LoadAssemblies (397ms)
			RebuildTransferFunctionScriptingTraits (0ms)
			SetupTypeCache (841ms)
			ReleaseScriptCaches (2ms)
			RebuildScriptCaches (194ms)
			SetupLoadedEditorAssemblies (1132ms)
				LogAssemblyErrors (0ms)
				InitializePlatformSupportModulesInManaged (21ms)
				SetLoadedEditorAssemblies (4ms)
				RefreshPlugins (2ms)
				BeforeProcessingInitializeOnLoad (408ms)
				ProcessInitializeOnLoadAttributes (606ms)
				ProcessInitializeOnLoadMethodAttributes (43ms)
				AfterProcessingInitializeOnLoad (46ms)
				EditorAssembliesLoaded (2ms)
			ExecutionOrderSort2 (0ms)
			AwakeInstancesAfterBackupRestoration (48ms)
Platform modules already initialized, skipping
Refreshing native plugins compatible for Editor in 0.96 ms, found 3 plugins.
Preloading 0 native plugins for Editor in 0.00 ms.
Unloading 2348 Unused Serialized files (Serialized files now loaded: 0)
System memory in use before: 104.9 MB.
System memory in use after: 105.1 MB.

Unloading 18 unused Assets to reduce memory usage. Loaded Objects now: 2828.
Total: 6.144200 ms (FindLiveObjects: 0.386000 ms CreateObjectMapping: 0.276400 ms MarkObjects: 5.428800 ms  DeleteObjects: 0.050500 ms)

AssetImportParameters requested are different than current active one (requested -> active):
  custom:framework-win-MediaFoundation: 216162199b28c13a410421893ffa2e32 -> 
  custom:video-decoder-ogg-theora: a1e56fd34408186e4bbccfd4996cb3dc -> 
  custom:container-muxer-webm: aa71ff27fc2769a1b78a27578f13a17b -> 
  custom:container-demuxer-webm: 4f35f7cbe854078d1ac9338744f61a02 -> 
  custom:container-demuxer-ogg: 62fdf1f143b41e24485cea50d1cbac27 -> 
  custom:video-encoder-webm-vp8: eb34c28f22e8b96e1ab97ce403110664 -> 
  custom:video-codec-MediaFoundation-h265: 746d11721c4dcdbdad8f713fa42b33f4 -> 
  custom:video-decoder-webm-vp8: 9c59270c3fd7afecdb556c50c9e8de78 -> 
  custom:audio-decoder-ogg-vorbis: bf7c407c2cedff20999df2af8eb42d56 -> 
  custom:audio-encoder-webm-vorbis: bf7c407c2cedff20999df2af8eb42d56 -> 
========================================================================
Received Prepare
Registering precompiled user dll's ...
Registered in 0.079361 seconds.
Begin MonoManager ReloadAssembly
Native extension for WindowsStandalone target not found
Refreshing native plugins compatible for Editor in 4.19 ms, found 3 plugins.
Preloading 0 native plugins for Editor in 0.00 ms.
Mono: successfully reloaded assembly
- Completed reload, in 11.611 seconds
Domain Reload Profiling:
	ReloadAssembly (11614ms)
		BeginReloadAssembly (991ms)
			ExecutionOrderSort (0ms)
			DisableScriptedObjects (33ms)
			BackupInstance (0ms)
			ReleaseScriptingObjects (0ms)
			CreateAndSetChildDomain (173ms)
		EndReloadAssembly (10124ms)
			LoadAssemblies (1204ms)
			RebuildTransferFunctionScriptingTraits (0ms)
			SetupTypeCache (2704ms)
			ReleaseScriptCaches (4ms)
			RebuildScriptCaches (556ms)
			SetupLoadedEditorAssemblies (4561ms)
				LogAssemblyErrors (0ms)
				InitializePlatformSupportModulesInManaged (45ms)
				SetLoadedEditorAssemblies (5ms)
				RefreshPlugins (5ms)
				BeforeProcessingInitializeOnLoad (1270ms)
				ProcessInitializeOnLoadAttributes (2983ms)
				ProcessInitializeOnLoadMethodAttributes (140ms)
				AfterProcessingInitializeOnLoad (110ms)
				EditorAssembliesLoaded (3ms)
			ExecutionOrderSort2 (0ms)
			AwakeInstancesAfterBackupRestoration (140ms)
Platform modules already initialized, skipping
Refreshing native plugins compatible for Editor in 3.02 ms, found 3 plugins.
Preloading 0 native plugins for Editor in 0.00 ms.
Unloading 2348 Unused Serialized files (Serialized files now loaded: 0)
System memory in use before: 104.9 MB.
System memory in use after: 105.1 MB.

Unloading 18 unused Assets to reduce memory usage. Loaded Objects now: 2830.
Total: 15.303600 ms (FindLiveObjects: 0.958000 ms CreateObjectMapping: 0.631100 ms MarkObjects: 13.605600 ms  DeleteObjects: 0.103400 ms)

AssetImportParameters requested are different than current active one (requested -> active):
  custom:framework-win-MediaFoundation: 216162199b28c13a410421893ffa2e32 -> 
  custom:video-decoder-ogg-theora: a1e56fd34408186e4bbccfd4996cb3dc -> 
  custom:container-muxer-webm: aa71ff27fc2769a1b78a27578f13a17b -> 
  custom:container-demuxer-webm: 4f35f7cbe854078d1ac9338744f61a02 -> 
  custom:container-demuxer-ogg: 62fdf1f143b41e24485cea50d1cbac27 -> 
  custom:video-encoder-webm-vp8: eb34c28f22e8b96e1ab97ce403110664 -> 
  custom:video-codec-MediaFoundation-h265: 746d11721c4dcdbdad8f713fa42b33f4 -> 
  custom:video-decoder-webm-vp8: 9c59270c3fd7afecdb556c50c9e8de78 -> 
  custom:audio-decoder-ogg-vorbis: bf7c407c2cedff20999df2af8eb42d56 -> 
  custom:audio-encoder-webm-vorbis: bf7c407c2cedff20999df2af8eb42d56 -> 
========================================================================
Received Import Request.
  Time since last request: 112.198106 seconds.
  path: Assets/Scripts/EnemyController.cs
  artifactKey: Guid(c3667200b368a134eae98d6fb0d05427) Importer(815301076,1909f56bfc062723c751e8b465ee728b)
Start importing Assets/Scripts/EnemyController.cs using Guid(c3667200b368a134eae98d6fb0d05427) Importer(815301076,1909f56bfc062723c751e8b465ee728b)  -> (artifact id: 'ff556d04f0e66ebd77664b1179554ef9') in 0.029585 seconds 
  Import took 0.050438 seconds .

========================================================================
Received Prepare
Registering precompiled user dll's ...
Registered in 0.077393 seconds.
Begin MonoManager ReloadAssembly
Native extension for WindowsStandalone target not found
Refreshing native plugins compatible for Editor in 1.82 ms, found 3 plugins.
Preloading 0 native plugins for Editor in 0.00 ms.
Mono: successfully reloaded assembly
- Completed reload, in  6.153 seconds
Domain Reload Profiling:
	ReloadAssembly (6156ms)
		BeginReloadAssembly (870ms)
			ExecutionOrderSort (0ms)
			DisableScriptedObjects (57ms)
			BackupInstance (0ms)
			ReleaseScriptingObjects (0ms)
			CreateAndSetChildDomain (212ms)
		EndReloadAssembly (4838ms)
			LoadAssemblies (690ms)
			RebuildTransferFunctionScriptingTraits (0ms)
			SetupTypeCache (1363ms)
			ReleaseScriptCaches (9ms)
			RebuildScriptCaches (292ms)
			SetupLoadedEditorAssemblies (2138ms)
				LogAssemblyErrors (0ms)
				InitializePlatformSupportModulesInManaged (23ms)
				SetLoadedEditorAssemblies (2ms)
				RefreshPlugins (2ms)
				BeforeProcessingInitializeOnLoad (760ms)
				ProcessInitializeOnLoadAttributes (1209ms)
				ProcessInitializeOnLoadMethodAttributes (67ms)
				AfterProcessingInitializeOnLoad (74ms)
				EditorAssembliesLoaded (1ms)
			ExecutionOrderSort2 (0ms)
			AwakeInstancesAfterBackupRestoration (51ms)
Platform modules already initialized, skipping
Refreshing native plugins compatible for Editor in 2.40 ms, found 3 plugins.
Preloading 0 native plugins for Editor in 0.00 ms.
Unloading 2348 Unused Serialized files (Serialized files now loaded: 0)
System memory in use before: 104.9 MB.
System memory in use after: 105.2 MB.

Unloading 18 unused Assets to reduce memory usage. Loaded Objects now: 2832.
Total: 13.589000 ms (FindLiveObjects: 0.589100 ms CreateObjectMapping: 0.475600 ms MarkObjects: 12.440500 ms  DeleteObjects: 0.079400 ms)

AssetImportParameters requested are different than current active one (requested -> active):
  custom:framework-win-MediaFoundation: 216162199b28c13a410421893ffa2e32 -> 
  custom:video-decoder-ogg-theora: a1e56fd34408186e4bbccfd4996cb3dc -> 
  custom:container-muxer-webm: aa71ff27fc2769a1b78a27578f13a17b -> 
  custom:container-demuxer-webm: 4f35f7cbe854078d1ac9338744f61a02 -> 
  custom:container-demuxer-ogg: 62fdf1f143b41e24485cea50d1cbac27 -> 
  custom:video-encoder-webm-vp8: eb34c28f22e8b96e1ab97ce403110664 -> 
  custom:video-codec-MediaFoundation-h265: 746d11721c4dcdbdad8f713fa42b33f4 -> 
  custom:video-decoder-webm-vp8: 9c59270c3fd7afecdb556c50c9e8de78 -> 
  custom:audio-decoder-ogg-vorbis: bf7c407c2cedff20999df2af8eb42d56 -> 
  custom:audio-encoder-webm-vorbis: bf7c407c2cedff20999df2af8eb42d56 -> 
========================================================================
Received Prepare
Registering precompiled user dll's ...
Registered in 0.029315 seconds.
Begin MonoManager ReloadAssembly
Native extension for WindowsStandalone target not found
Refreshing native plugins compatible for Editor in 1.26 ms, found 3 plugins.
Preloading 0 native plugins for Editor in 0.00 ms.
Mono: successfully reloaded assembly
- Completed reload, in  4.547 seconds
Domain Reload Profiling:
	ReloadAssembly (4548ms)
		BeginReloadAssembly (522ms)
			ExecutionOrderSort (0ms)
			DisableScriptedObjects (35ms)
			BackupInstance (0ms)
			ReleaseScriptingObjects (0ms)
			CreateAndSetChildDomain (130ms)
		EndReloadAssembly (3720ms)
			LoadAssemblies (452ms)
			RebuildTransferFunctionScriptingTraits (0ms)
			SetupTypeCache (1409ms)
			ReleaseScriptCaches (4ms)
			RebuildScriptCaches (227ms)
			SetupLoadedEditorAssemblies (1200ms)
				LogAssemblyErrors (0ms)
				InitializePlatformSupportModulesInManaged (14ms)
				SetLoadedEditorAssemblies (1ms)
				RefreshPlugins (1ms)
				BeforeProcessingInitializeOnLoad (392ms)
				ProcessInitializeOnLoadAttributes (701ms)
				ProcessInitializeOnLoadMethodAttributes (45ms)
				AfterProcessingInitializeOnLoad (43ms)
				EditorAssembliesLoaded (1ms)
			ExecutionOrderSort2 (0ms)
			AwakeInstancesAfterBackupRestoration (34ms)
Platform modules already initialized, skipping
Refreshing native plugins compatible for Editor in 1.19 ms, found 3 plugins.
Preloading 0 native plugins for Editor in 0.00 ms.
Unloading 2348 Unused Serialized files (Serialized files now loaded: 0)
System memory in use before: 105.0 MB.
System memory in use after: 105.2 MB.

Unloading 18 unused Assets to reduce memory usage. Loaded Objects now: 2834.
Total: 8.226600 ms (FindLiveObjects: 0.532700 ms CreateObjectMapping: 0.292900 ms MarkObjects: 7.354100 ms  DeleteObjects: 0.043300 ms)

AssetImportParameters requested are different than current active one (requested -> active):
  custom:framework-win-MediaFoundation: 216162199b28c13a410421893ffa2e32 -> 
  custom:video-decoder-ogg-theora: a1e56fd34408186e4bbccfd4996cb3dc -> 
  custom:container-muxer-webm: aa71ff27fc2769a1b78a27578f13a17b -> 
  custom:container-demuxer-webm: 4f35f7cbe854078d1ac9338744f61a02 -> 
  custom:container-demuxer-ogg: 62fdf1f143b41e24485cea50d1cbac27 -> 
  custom:video-encoder-webm-vp8: eb34c28f22e8b96e1ab97ce403110664 -> 
  custom:video-codec-MediaFoundation-h265: 746d11721c4dcdbdad8f713fa42b33f4 -> 
  custom:video-decoder-webm-vp8: 9c59270c3fd7afecdb556c50c9e8de78 -> 
  custom:audio-decoder-ogg-vorbis: bf7c407c2cedff20999df2af8eb42d56 -> 
  custom:audio-encoder-webm-vorbis: bf7c407c2cedff20999df2af8eb42d56 -> 
========================================================================
Received Import Request.
  Time since last request: 561.816499 seconds.
  path: Assets/Prefabs/CollectibleHealth.prefab
  artifactKey: Guid(6d741b439bc175f4faf1bfbbb6905fb2) Importer(815301076,1909f56bfc062723c751e8b465ee728b)
Start importing Assets/Prefabs/CollectibleHealth.prefab using Guid(6d741b439bc175f4faf1bfbbb6905fb2) Importer(815301076,1909f56bfc062723c751e8b465ee728b)  -> (artifact id: 'cb4b0a0e603c4e0f1772a9ebef4af258') in 0.199189 seconds 
  Import took 0.209584 seconds .

========================================================================
Received Import Request.
  Time since last request: 0.000567 seconds.
  path: Assets/Prefabs/MetalCube.prefab
  artifactKey: Guid(632822476a96b564ea39b5f5ed6f3619) Importer(815301076,1909f56bfc062723c751e8b465ee728b)
Start importing Assets/Prefabs/MetalCube.prefab using Guid(632822476a96b564ea39b5f5ed6f3619) Importer(815301076,1909f56bfc062723c751e8b465ee728b)  -> (artifact id: '3d91271533e721648d9640f7d1caf74c') in 0.036076 seconds 
  Import took 0.044933 seconds .

========================================================================
Received Import Request.
  Time since last request: 0.000620 seconds.
  path: Assets/Prefabs/Ruby.prefab
  artifactKey: Guid(19ef27a05885aa5428063f0b2024905b) Importer(815301076,1909f56bfc062723c751e8b465ee728b)
Start importing Assets/Prefabs/Ruby.prefab using Guid(19ef27a05885aa5428063f0b2024905b) Importer(815301076,1909f56bfc062723c751e8b465ee728b)  -> (artifact id: '7012085ca312390f9de0fc3fd27b4f52') in 0.040317 seconds 
  Import took 0.052339 seconds .

========================================================================
Received Import Request.
  Time since last request: 4.557506 seconds.
  path: Assets/Prefabs/Bot.prefab
  artifactKey: Guid(5d92653ebd65d134ba03ca5efe3bf7d8) Importer(815301076,1909f56bfc062723c751e8b465ee728b)
Start importing Assets/Prefabs/Bot.prefab using Guid(5d92653ebd65d134ba03ca5efe3bf7d8) Importer(815301076,1909f56bfc062723c751e8b465ee728b)  -> (artifact id: '6a32537937837eb832e714bc602b4a19') in 0.024696 seconds 
  Import took 0.031647 seconds .

========================================================================
Received Import Request.
  Time since last request: 2.565874 seconds.
  path: Assets/Prefabs/Damageable.prefab
  artifactKey: Guid(193c7b76b3959914e8ca52f17f41d486) Importer(815301076,1909f56bfc062723c751e8b465ee728b)
Start importing Assets/Prefabs/Damageable.prefab using Guid(193c7b76b3959914e8ca52f17f41d486) Importer(815301076,1909f56bfc062723c751e8b465ee728b)  -> (artifact id: 'd7ffcb2e5d23eaa88bad8943bc211444') in 0.028474 seconds 
  Import took 0.035467 seconds .

========================================================================
Received Import Request.
  Time since last request: 1359.086398 seconds.
  path: Assets/Prefabs/Bot.prefab
  artifactKey: Guid(5d92653ebd65d134ba03ca5efe3bf7d8) Importer(815301076,1909f56bfc062723c751e8b465ee728b)
Start importing Assets/Prefabs/Bot.prefab using Guid(5d92653ebd65d134ba03ca5efe3bf7d8) Importer(815301076,1909f56bfc062723c751e8b465ee728b)  -> (artifact id: 'f04f13e3eabf5b801332f934d9e1ea78') in 0.025035 seconds 
  Import took 0.029943 seconds .

========================================================================
Received Import Request.
  Time since last request: 554.072362 seconds.
  path: Assets/Art/Animations/Robot.controller
  artifactKey: Guid(30e18dab0f6e65948928b55dbb1a2fb9) Importer(815301076,1909f56bfc062723c751e8b465ee728b)
Start importing Assets/Art/Animations/Robot.controller using Guid(30e18dab0f6e65948928b55dbb1a2fb9) Importer(815301076,1909f56bfc062723c751e8b465ee728b)  -> (artifact id: '5000fad1c0d9b3b5850e59bac09d6d98') in 0.031631 seconds 
  Import took 0.043460 seconds .

========================================================================
Received Import Request.
  Time since last request: 222.491327 seconds.
  path: Assets/Art/Animations/Ruby.controller
  artifactKey: Guid(b77822e0485373d40b5beb92e9a5e728) Importer(815301076,1909f56bfc062723c751e8b465ee728b)
Start importing Assets/Art/Animations/Ruby.controller using Guid(b77822e0485373d40b5beb92e9a5e728) Importer(815301076,1909f56bfc062723c751e8b465ee728b)  -> (artifact id: 'c4fcd81e4a2ae98a8f7cade00f6374c8') in 0.432034 seconds 
  Import took 0.477238 seconds .

========================================================================
Received Prepare
Registering precompiled user dll's ...
Registered in 0.015652 seconds.
Begin MonoManager ReloadAssembly
Native extension for WindowsStandalone target not found
Refreshing native plugins compatible for Editor in 1.30 ms, found 3 plugins.
Preloading 0 native plugins for Editor in 0.00 ms.
Mono: successfully reloaded assembly
- Completed reload, in  3.793 seconds
Domain Reload Profiling:
	ReloadAssembly (3796ms)
		BeginReloadAssembly (460ms)
			ExecutionOrderSort (0ms)
			DisableScriptedObjects (28ms)
			BackupInstance (0ms)
			ReleaseScriptingObjects (0ms)
			CreateAndSetChildDomain (123ms)
		EndReloadAssembly (3077ms)
			LoadAssemblies (398ms)
			RebuildTransferFunctionScriptingTraits (0ms)
			SetupTypeCache (771ms)
			ReleaseScriptCaches (2ms)
			RebuildScriptCaches (165ms)
			SetupLoadedEditorAssemblies (1405ms)
				LogAssemblyErrors (0ms)
				InitializePlatformSupportModulesInManaged (15ms)
				SetLoadedEditorAssemblies (3ms)
				RefreshPlugins (1ms)
				BeforeProcessingInitializeOnLoad (383ms)
				ProcessInitializeOnLoadAttributes (866ms)
				ProcessInitializeOnLoadMethodAttributes (66ms)
				AfterProcessingInitializeOnLoad (68ms)
				EditorAssembliesLoaded (2ms)
			ExecutionOrderSort2 (0ms)
			AwakeInstancesAfterBackupRestoration (51ms)
Platform modules already initialized, skipping
Refreshing native plugins compatible for Editor in 1.69 ms, found 3 plugins.
Preloading 0 native plugins for Editor in 0.00 ms.
Unloading 2348 Unused Serialized files (Serialized files now loaded: 0)
System memory in use before: 104.9 MB.
System memory in use after: 105.1 MB.

Unloading 18 unused Assets to reduce memory usage. Loaded Objects now: 2840.
Total: 11.071600 ms (FindLiveObjects: 0.731500 ms CreateObjectMapping: 0.481300 ms MarkObjects: 9.788000 ms  DeleteObjects: 0.065000 ms)

AssetImportParameters requested are different than current active one (requested -> active):
  custom:framework-win-MediaFoundation: 216162199b28c13a410421893ffa2e32 -> 
  custom:video-decoder-ogg-theora: a1e56fd34408186e4bbccfd4996cb3dc -> 
  custom:container-muxer-webm: aa71ff27fc2769a1b78a27578f13a17b -> 
  custom:container-demuxer-webm: 4f35f7cbe854078d1ac9338744f61a02 -> 
  custom:container-demuxer-ogg: 62fdf1f143b41e24485cea50d1cbac27 -> 
  custom:video-encoder-webm-vp8: eb34c28f22e8b96e1ab97ce403110664 -> 
  custom:video-codec-MediaFoundation-h265: 746d11721c4dcdbdad8f713fa42b33f4 -> 
  custom:video-decoder-webm-vp8: 9c59270c3fd7afecdb556c50c9e8de78 -> 
  custom:audio-decoder-ogg-vorbis: bf7c407c2cedff20999df2af8eb42d56 -> 
  custom:audio-encoder-webm-vorbis: bf7c407c2cedff20999df2af8eb42d56 -> 
========================================================================
Received Import Request.
  Time since last request: 1176.648040 seconds.
  path: Assets/Art/Sprites/Characters/Down_Run.anim
  artifactKey: Guid(f4e111af65b4a6a48858c5b7c7a5d4ee) Importer(815301076,1909f56bfc062723c751e8b465ee728b)
Start importing Assets/Art/Sprites/Characters/Down_Run.anim using Guid(f4e111af65b4a6a48858c5b7c7a5d4ee) Importer(815301076,1909f56bfc062723c751e8b465ee728b)  -> (artifact id: '3898128ade31b473916ae4c918126284') in 0.135540 seconds 
  Import took 0.154191 seconds .

========================================================================
Received Import Request.
  Time since last request: 0.976902 seconds.
  path: Assets/Art/Sprites/Characters/Up_Run.anim
  artifactKey: Guid(712186d3ce0e99747a4e959ae5262826) Importer(815301076,1909f56bfc062723c751e8b465ee728b)
Start importing Assets/Art/Sprites/Characters/Up_Run.anim using Guid(712186d3ce0e99747a4e959ae5262826) Importer(815301076,1909f56bfc062723c751e8b465ee728b)  -> (artifact id: '389daaf10a444c3ab9e46b87d4bcdb61') in 0.033431 seconds 
  Import took 0.046999 seconds .

========================================================================
Received Import Request.
  Time since last request: 20.656376 seconds.
  path: Assets/Art/Animations/RobotDown.anim
  artifactKey: Guid(f4e111af65b4a6a48858c5b7c7a5d4ee) Importer(815301076,1909f56bfc062723c751e8b465ee728b)
Start importing Assets/Art/Animations/RobotDown.anim using Guid(f4e111af65b4a6a48858c5b7c7a5d4ee) Importer(815301076,1909f56bfc062723c751e8b465ee728b)  -> (artifact id: '0d07bb2f129c1039ec8a02d3fa4eb0d4') in 0.061240 seconds 
  Import took 0.095296 seconds .

========================================================================
Received Import Request.
  Time since last request: 4.276294 seconds.
  path: Assets/Art/Animations/RobotLeft.anim
  artifactKey: Guid(c668646d471a0fc4ea32fb8700721da3) Importer(815301076,1909f56bfc062723c751e8b465ee728b)
Start importing Assets/Art/Animations/RobotLeft.anim using Guid(c668646d471a0fc4ea32fb8700721da3) Importer(815301076,1909f56bfc062723c751e8b465ee728b)  -> (artifact id: '2e1e71743fc6e5cb6581b8ff13ba5c73') in 0.076656 seconds 
  Import took 0.106885 seconds .

========================================================================
Received Import Request.
  Time since last request: 16.698092 seconds.
  path: Assets/Art/Animations/RobotUp.anim
  artifactKey: Guid(712186d3ce0e99747a4e959ae5262826) Importer(815301076,1909f56bfc062723c751e8b465ee728b)
Start importing Assets/Art/Animations/RobotUp.anim using Guid(712186d3ce0e99747a4e959ae5262826) Importer(815301076,1909f56bfc062723c751e8b465ee728b)  -> (artifact id: '309a85fcd55519e40cfe53d63e439962') in 0.076747 seconds 
  Import took 0.104659 seconds .

========================================================================
Received Import Request.
  Time since last request: 2.694057 seconds.
  path: Assets/Art/Animations/Right_Run.anim
  artifactKey: Guid(33bb967ab0ccf2943891d63af80a9ebc) Importer(815301076,1909f56bfc062723c751e8b465ee728b)
Start importing Assets/Art/Animations/Right_Run.anim using Guid(33bb967ab0ccf2943891d63af80a9ebc) Importer(815301076,1909f56bfc062723c751e8b465ee728b)  -> (artifact id: '03dac73a1d42b26865845bd7ff7aa38e') in 0.063807 seconds 
  Import took 0.095676 seconds .

========================================================================
Received Import Request.
  Time since last request: 6.131634 seconds.
  path: Assets/Art/Animations/RobotRight.anim
  artifactKey: Guid(33bb967ab0ccf2943891d63af80a9ebc) Importer(815301076,1909f56bfc062723c751e8b465ee728b)
Start importing Assets/Art/Animations/RobotRight.anim using Guid(33bb967ab0ccf2943891d63af80a9ebc) Importer(815301076,1909f56bfc062723c751e8b465ee728b)  -> (artifact id: 'ca001240e5827f9387c16bad83fe65dd') in 0.069079 seconds 
  Import took 0.097313 seconds .

========================================================================
Received Import Request.
  Time since last request: 18.282534 seconds.
  path: Assets/Art/Animations/AnimationClips/Robot
  artifactKey: Guid(cfd6fcbc3aacf4d4ca9f7a156f577366) Importer(815301076,1909f56bfc062723c751e8b465ee728b)
Start importing Assets/Art/Animations/AnimationClips/Robot using Guid(cfd6fcbc3aacf4d4ca9f7a156f577366) Importer(815301076,1909f56bfc062723c751e8b465ee728b)  -> (artifact id: 'da6a6a5cd987511aba0c93500ec6184e') in 0.018379 seconds 
  Import took 0.037571 seconds .

========================================================================
Received Prepare
Registering precompiled user dll's ...
Registered in 0.436522 seconds.
Begin MonoManager ReloadAssembly
Native extension for WindowsStandalone target not found
Refreshing native plugins compatible for Editor in 0.83 ms, found 3 plugins.
Preloading 0 native plugins for Editor in 0.00 ms.
Mono: successfully reloaded assembly
- Completed reload, in  2.404 seconds
Domain Reload Profiling:
	ReloadAssembly (2405ms)
		BeginReloadAssembly (277ms)
			ExecutionOrderSort (0ms)
			DisableScriptedObjects (14ms)
			BackupInstance (0ms)
			ReleaseScriptingObjects (0ms)
			CreateAndSetChildDomain (70ms)
		EndReloadAssembly (1968ms)
			LoadAssemblies (257ms)
			RebuildTransferFunctionScriptingTraits (0ms)
			SetupTypeCache (654ms)
			ReleaseScriptCaches (2ms)
			RebuildScriptCaches (102ms)
			SetupLoadedEditorAssemblies (802ms)
				LogAssemblyErrors (0ms)
				InitializePlatformSupportModulesInManaged (8ms)
				SetLoadedEditorAssemblies (1ms)
				RefreshPlugins (1ms)
				BeforeProcessingInitializeOnLoad (183ms)
				ProcessInitializeOnLoadAttributes (568ms)
				ProcessInitializeOnLoadMethodAttributes (21ms)
				AfterProcessingInitializeOnLoad (20ms)
				EditorAssembliesLoaded (0ms)
			ExecutionOrderSort2 (0ms)
			AwakeInstancesAfterBackupRestoration (21ms)
Platform modules already initialized, skipping
Refreshing native plugins compatible for Editor in 0.94 ms, found 3 plugins.
Preloading 0 native plugins for Editor in 0.00 ms.
Unloading 2348 Unused Serialized files (Serialized files now loaded: 0)
System memory in use before: 105.0 MB.
System memory in use after: 105.3 MB.

Unloading 18 unused Assets to reduce memory usage. Loaded Objects now: 2842.
Total: 5.571500 ms (FindLiveObjects: 0.456100 ms CreateObjectMapping: 0.274700 ms MarkObjects: 4.806200 ms  DeleteObjects: 0.031800 ms)

AssetImportParameters requested are different than current active one (requested -> active):
  custom:framework-win-MediaFoundation: 216162199b28c13a410421893ffa2e32 -> 
  custom:video-decoder-ogg-theora: a1e56fd34408186e4bbccfd4996cb3dc -> 
  custom:container-muxer-webm: aa71ff27fc2769a1b78a27578f13a17b -> 
  custom:container-demuxer-webm: 4f35f7cbe854078d1ac9338744f61a02 -> 
  custom:container-demuxer-ogg: 62fdf1f143b41e24485cea50d1cbac27 -> 
  custom:video-encoder-webm-vp8: eb34c28f22e8b96e1ab97ce403110664 -> 
  custom:video-codec-MediaFoundation-h265: 746d11721c4dcdbdad8f713fa42b33f4 -> 
  custom:video-decoder-webm-vp8: 9c59270c3fd7afecdb556c50c9e8de78 -> 
  custom:audio-decoder-ogg-vorbis: bf7c407c2cedff20999df2af8eb42d56 -> 
  custom:audio-encoder-webm-vorbis: bf7c407c2cedff20999df2af8eb42d56 -> 
========================================================================
Received Prepare
Registering precompiled user dll's ...
Registered in 0.116443 seconds.
Begin MonoManager ReloadAssembly
Native extension for WindowsStandalone target not found
Refreshing native plugins compatible for Editor in 3.12 ms, found 3 plugins.
Preloading 0 native plugins for Editor in 0.00 ms.
Mono: successfully reloaded assembly
- Completed reload, in 13.465 seconds
Domain Reload Profiling:
	ReloadAssembly (13468ms)
		BeginReloadAssembly (1207ms)
			ExecutionOrderSort (0ms)
			DisableScriptedObjects (66ms)
			BackupInstance (0ms)
			ReleaseScriptingObjects (0ms)
			CreateAndSetChildDomain (289ms)
		EndReloadAssembly (11348ms)
			LoadAssemblies (1269ms)
			RebuildTransferFunctionScriptingTraits (0ms)
			SetupTypeCache (3329ms)
			ReleaseScriptCaches (8ms)
			RebuildScriptCaches (538ms)
			SetupLoadedEditorAssemblies (5185ms)
				LogAssemblyErrors (0ms)
				InitializePlatformSupportModulesInManaged (40ms)
				SetLoadedEditorAssemblies (4ms)
				RefreshPlugins (4ms)
				BeforeProcessingInitializeOnLoad (1704ms)
				ProcessInitializeOnLoadAttributes (3148ms)
				ProcessInitializeOnLoadMethodAttributes (137ms)
				AfterProcessingInitializeOnLoad (146ms)
				EditorAssembliesLoaded (2ms)
			ExecutionOrderSort2 (0ms)
			AwakeInstancesAfterBackupRestoration (128ms)
Platform modules already initialized, skipping
Refreshing native plugins compatible for Editor in 3.70 ms, found 3 plugins.
Preloading 0 native plugins for Editor in 0.00 ms.
Unloading 2348 Unused Serialized files (Serialized files now loaded: 0)
System memory in use before: 105.0 MB.
System memory in use after: 105.3 MB.

Unloading 18 unused Assets to reduce memory usage. Loaded Objects now: 2844.
Total: 26.207900 ms (FindLiveObjects: 2.978300 ms CreateObjectMapping: 2.376900 ms MarkObjects: 20.721000 ms  DeleteObjects: 0.124700 ms)

AssetImportParameters requested are different than current active one (requested -> active):
  custom:framework-win-MediaFoundation: 216162199b28c13a410421893ffa2e32 -> 
  custom:video-decoder-ogg-theora: a1e56fd34408186e4bbccfd4996cb3dc -> 
  custom:container-muxer-webm: aa71ff27fc2769a1b78a27578f13a17b -> 
  custom:container-demuxer-webm: 4f35f7cbe854078d1ac9338744f61a02 -> 
  custom:container-demuxer-ogg: 62fdf1f143b41e24485cea50d1cbac27 -> 
  custom:video-encoder-webm-vp8: eb34c28f22e8b96e1ab97ce403110664 -> 
  custom:video-codec-MediaFoundation-h265: 746d11721c4dcdbdad8f713fa42b33f4 -> 
  custom:video-decoder-webm-vp8: 9c59270c3fd7afecdb556c50c9e8de78 -> 
  custom:audio-decoder-ogg-vorbis: bf7c407c2cedff20999df2af8eb42d56 -> 
  custom:audio-encoder-webm-vorbis: bf7c407c2cedff20999df2af8eb42d56 -> 
========================================================================
Received Import Request.
  Time since last request: 3620.280272 seconds.
  path: Assets/Art/Sprites/Characters/MrClockworkSheet.png
  artifactKey: Guid(651c4abeb0812e74685da0e5a31c8dff) Importer(815301076,1909f56bfc062723c751e8b465ee728b)
Start importing Assets/Art/Sprites/Characters/MrClockworkSheet.png using Guid(651c4abeb0812e74685da0e5a31c8dff) Importer(815301076,1909f56bfc062723c751e8b465ee728b)  -> (artifact id: '48dd94bb95c5a6d984280f37d752c87c') in 2.060251 seconds 
  Import took 2.108043 seconds .

========================================================================
Received Prepare
Registering precompiled user dll's ...
Registered in 0.264106 seconds.
Begin MonoManager ReloadAssembly
Native extension for WindowsStandalone target not found
Refreshing native plugins compatible for Editor in 1.87 ms, found 3 plugins.
Preloading 0 native plugins for Editor in 0.00 ms.
Mono: successfully reloaded assembly
- Completed reload, in  6.527 seconds
Domain Reload Profiling:
	ReloadAssembly (6529ms)
		BeginReloadAssembly (1054ms)
			ExecutionOrderSort (0ms)
			DisableScriptedObjects (52ms)
			BackupInstance (0ms)
			ReleaseScriptingObjects (0ms)
			CreateAndSetChildDomain (329ms)
		EndReloadAssembly (5101ms)
			LoadAssemblies (827ms)
			RebuildTransferFunctionScriptingTraits (1ms)
			SetupTypeCache (2218ms)
			ReleaseScriptCaches (4ms)
			RebuildScriptCaches (300ms)
			SetupLoadedEditorAssemblies (1381ms)
				LogAssemblyErrors (0ms)
				InitializePlatformSupportModulesInManaged (21ms)
				SetLoadedEditorAssemblies (4ms)
				RefreshPlugins (2ms)
				BeforeProcessingInitializeOnLoad (521ms)
				ProcessInitializeOnLoadAttributes (757ms)
				ProcessInitializeOnLoadMethodAttributes (38ms)
				AfterProcessingInitializeOnLoad (37ms)
				EditorAssembliesLoaded (1ms)
			ExecutionOrderSort2 (0ms)
			AwakeInstancesAfterBackupRestoration (26ms)
Platform modules already initialized, skipping
Refreshing native plugins compatible for Editor in 2.09 ms, found 3 plugins.
Preloading 0 native plugins for Editor in 0.00 ms.
Unloading 2348 Unused Serialized files (Serialized files now loaded: 0)
System memory in use before: 105.1 MB.
System memory in use after: 105.3 MB.

Unloading 18 unused Assets to reduce memory usage. Loaded Objects now: 2847.
Total: 10.315500 ms (FindLiveObjects: 0.782600 ms CreateObjectMapping: 0.482700 ms MarkObjects: 8.994900 ms  DeleteObjects: 0.051200 ms)

AssetImportParameters requested are different than current active one (requested -> active):
  custom:framework-win-MediaFoundation: 216162199b28c13a410421893ffa2e32 -> 
  custom:video-decoder-ogg-theora: a1e56fd34408186e4bbccfd4996cb3dc -> 
  custom:container-muxer-webm: aa71ff27fc2769a1b78a27578f13a17b -> 
  custom:container-demuxer-webm: 4f35f7cbe854078d1ac9338744f61a02 -> 
  custom:container-demuxer-ogg: 62fdf1f143b41e24485cea50d1cbac27 -> 
  custom:video-encoder-webm-vp8: eb34c28f22e8b96e1ab97ce403110664 -> 
  custom:video-codec-MediaFoundation-h265: 746d11721c4dcdbdad8f713fa42b33f4 -> 
  custom:video-decoder-webm-vp8: 9c59270c3fd7afecdb556c50c9e8de78 -> 
  custom:audio-decoder-ogg-vorbis: bf7c407c2cedff20999df2af8eb42d56 -> 
  custom:audio-encoder-webm-vorbis: bf7c407c2cedff20999df2af8eb42d56 -> 
========================================================================
Received Prepare
Registering precompiled user dll's ...
Registered in 0.019398 seconds.
Begin MonoManager ReloadAssembly
Native extension for WindowsStandalone target not found
Refreshing native plugins compatible for Editor in 2.77 ms, found 3 plugins.
Preloading 0 native plugins for Editor in 0.00 ms.
Mono: successfully reloaded assembly
- Completed reload, in  3.038 seconds
Domain Reload Profiling:
	ReloadAssembly (3039ms)
		BeginReloadAssembly (343ms)
			ExecutionOrderSort (0ms)
			DisableScriptedObjects (20ms)
			BackupInstance (0ms)
			ReleaseScriptingObjects (0ms)
			CreateAndSetChildDomain (104ms)
		EndReloadAssembly (2516ms)
			LoadAssemblies (283ms)
			RebuildTransferFunctionScriptingTraits (0ms)
			SetupTypeCache (672ms)
			ReleaseScriptCaches (2ms)
			RebuildScriptCaches (109ms)
			SetupLoadedEditorAssemblies (1141ms)
				LogAssemblyErrors (0ms)
				InitializePlatformSupportModulesInManaged (17ms)
				SetLoadedEditorAssemblies (3ms)
				RefreshPlugins (3ms)
				BeforeProcessingInitializeOnLoad (424ms)
				ProcessInitializeOnLoadAttributes (620ms)
				ProcessInitializeOnLoadMethodAttributes (42ms)
				AfterProcessingInitializeOnLoad (33ms)
				EditorAssembliesLoaded (0ms)
			ExecutionOrderSort2 (0ms)
			AwakeInstancesAfterBackupRestoration (25ms)
Platform modules already initialized, skipping
Refreshing native plugins compatible for Editor in 0.96 ms, found 3 plugins.
Preloading 0 native plugins for Editor in 0.00 ms.
Unloading 2348 Unused Serialized files (Serialized files now loaded: 0)
System memory in use before: 105.1 MB.
System memory in use after: 105.3 MB.

Unloading 18 unused Assets to reduce memory usage. Loaded Objects now: 2849.
Total: 11.024200 ms (FindLiveObjects: 1.520700 ms CreateObjectMapping: 1.004000 ms MarkObjects: 8.457800 ms  DeleteObjects: 0.037400 ms)

AssetImportParameters requested are different than current active one (requested -> active):
  custom:framework-win-MediaFoundation: 216162199b28c13a410421893ffa2e32 -> 
  custom:video-decoder-ogg-theora: a1e56fd34408186e4bbccfd4996cb3dc -> 
  custom:container-muxer-webm: aa71ff27fc2769a1b78a27578f13a17b -> 
  custom:container-demuxer-webm: 4f35f7cbe854078d1ac9338744f61a02 -> 
  custom:container-demuxer-ogg: 62fdf1f143b41e24485cea50d1cbac27 -> 
  custom:video-encoder-webm-vp8: eb34c28f22e8b96e1ab97ce403110664 -> 
  custom:video-codec-MediaFoundation-h265: 746d11721c4dcdbdad8f713fa42b33f4 -> 
  custom:video-decoder-webm-vp8: 9c59270c3fd7afecdb556c50c9e8de78 -> 
  custom:audio-decoder-ogg-vorbis: bf7c407c2cedff20999df2af8eb42d56 -> 
  custom:audio-encoder-webm-vorbis: bf7c407c2cedff20999df2af8eb42d56 -> 
========================================================================
Received Prepare
Registering precompiled user dll's ...
Registered in 0.100335 seconds.
Begin MonoManager ReloadAssembly
Native extension for WindowsStandalone target not found
Refreshing native plugins compatible for Editor in 4.37 ms, found 3 plugins.
Preloading 0 native plugins for Editor in 0.00 ms.
Mono: successfully reloaded assembly
- Completed reload, in 18.831 seconds
Domain Reload Profiling:
	ReloadAssembly (18836ms)
		BeginReloadAssembly (2690ms)
			ExecutionOrderSort (0ms)
			DisableScriptedObjects (111ms)
			BackupInstance (0ms)
			ReleaseScriptingObjects (1ms)
			CreateAndSetChildDomain (625ms)
		EndReloadAssembly (14619ms)
			LoadAssemblies (2486ms)
			RebuildTransferFunctionScriptingTraits (0ms)
			SetupTypeCache (5897ms)
			ReleaseScriptCaches (12ms)
			RebuildScriptCaches (889ms)
			SetupLoadedEditorAssemblies (4882ms)
				LogAssemblyErrors (0ms)
				InitializePlatformSupportModulesInManaged (49ms)
				SetLoadedEditorAssemblies (5ms)
				RefreshPlugins (5ms)
				BeforeProcessingInitializeOnLoad (1525ms)
				ProcessInitializeOnLoadAttributes (2945ms)
				ProcessInitializeOnLoadMethodAttributes (175ms)
				AfterProcessingInitializeOnLoad (175ms)
				EditorAssembliesLoaded (3ms)
			ExecutionOrderSort2 (0ms)
			AwakeInstancesAfterBackupRestoration (95ms)
Platform modules already initialized, skipping
Refreshing native plugins compatible for Editor in 3.30 ms, found 3 plugins.
Preloading 0 native plugins for Editor in 0.00 ms.
Unloading 2348 Unused Serialized files (Serialized files now loaded: 0)
System memory in use before: 105.0 MB.
System memory in use after: 105.2 MB.

Unloading 18 unused Assets to reduce memory usage. Loaded Objects now: 2851.
Total: 27.503200 ms (FindLiveObjects: 1.404700 ms CreateObjectMapping: 1.557000 ms MarkObjects: 24.098100 ms  DeleteObjects: 0.436200 ms)

AssetImportParameters requested are different than current active one (requested -> active):
  custom:framework-win-MediaFoundation: 216162199b28c13a410421893ffa2e32 -> 
  custom:video-decoder-ogg-theora: a1e56fd34408186e4bbccfd4996cb3dc -> 
  custom:container-muxer-webm: aa71ff27fc2769a1b78a27578f13a17b -> 
  custom:container-demuxer-webm: 4f35f7cbe854078d1ac9338744f61a02 -> 
  custom:container-demuxer-ogg: 62fdf1f143b41e24485cea50d1cbac27 -> 
  custom:video-encoder-webm-vp8: eb34c28f22e8b96e1ab97ce403110664 -> 
  custom:video-codec-MediaFoundation-h265: 746d11721c4dcdbdad8f713fa42b33f4 -> 
  custom:video-decoder-webm-vp8: 9c59270c3fd7afecdb556c50c9e8de78 -> 
  custom:audio-decoder-ogg-vorbis: bf7c407c2cedff20999df2af8eb42d56 -> 
  custom:audio-encoder-webm-vorbis: bf7c407c2cedff20999df2af8eb42d56 -> 
========================================================================
Received Prepare
Registering precompiled user dll's ...
Registered in 0.050335 seconds.
Begin MonoManager ReloadAssembly
Native extension for WindowsStandalone target not found
Refreshing native plugins compatible for Editor in 4.21 ms, found 3 plugins.
Preloading 0 native plugins for Editor in 0.00 ms.
Mono: successfully reloaded assembly
- Completed reload, in  6.570 seconds
Domain Reload Profiling:
	ReloadAssembly (6571ms)
		BeginReloadAssembly (433ms)
			ExecutionOrderSort (0ms)
			DisableScriptedObjects (17ms)
			BackupInstance (0ms)
			ReleaseScriptingObjects (0ms)
			CreateAndSetChildDomain (92ms)
		EndReloadAssembly (5836ms)
			LoadAssemblies (441ms)
			RebuildTransferFunctionScriptingTraits (0ms)
			SetupTypeCache (1103ms)
			ReleaseScriptCaches (4ms)
			RebuildScriptCaches (354ms)
			SetupLoadedEditorAssemblies (2928ms)
				LogAssemblyErrors (0ms)
				InitializePlatformSupportModulesInManaged (40ms)
				SetLoadedEditorAssemblies (4ms)
				RefreshPlugins (5ms)
				BeforeProcessingInitializeOnLoad (957ms)
				ProcessInitializeOnLoadAttributes (1720ms)
				ProcessInitializeOnLoadMethodAttributes (107ms)
				AfterProcessingInitializeOnLoad (95ms)
				EditorAssembliesLoaded (1ms)
			ExecutionOrderSort2 (0ms)
			AwakeInstancesAfterBackupRestoration (74ms)
Platform modules already initialized, skipping
Refreshing native plugins compatible for Editor in 3.18 ms, found 3 plugins.
Preloading 0 native plugins for Editor in 0.00 ms.
Unloading 2348 Unused Serialized files (Serialized files now loaded: 0)
System memory in use before: 105.1 MB.
System memory in use after: 105.3 MB.

Unloading 18 unused Assets to reduce memory usage. Loaded Objects now: 2853.
Total: 13.594600 ms (FindLiveObjects: 1.155300 ms CreateObjectMapping: 0.672200 ms MarkObjects: 11.677500 ms  DeleteObjects: 0.082100 ms)

AssetImportParameters requested are different than current active one (requested -> active):
  custom:framework-win-MediaFoundation: 216162199b28c13a410421893ffa2e32 -> 
  custom:video-decoder-ogg-theora: a1e56fd34408186e4bbccfd4996cb3dc -> 
  custom:container-muxer-webm: aa71ff27fc2769a1b78a27578f13a17b -> 
  custom:container-demuxer-webm: 4f35f7cbe854078d1ac9338744f61a02 -> 
  custom:container-demuxer-ogg: 62fdf1f143b41e24485cea50d1cbac27 -> 
  custom:video-encoder-webm-vp8: eb34c28f22e8b96e1ab97ce403110664 -> 
  custom:video-codec-MediaFoundation-h265: 746d11721c4dcdbdad8f713fa42b33f4 -> 
  custom:video-decoder-webm-vp8: 9c59270c3fd7afecdb556c50c9e8de78 -> 
  custom:audio-decoder-ogg-vorbis: bf7c407c2cedff20999df2af8eb42d56 -> 
  custom:audio-encoder-webm-vorbis: bf7c407c2cedff20999df2af8eb42d56 -> 
========================================================================
Received Prepare
Registering precompiled user dll's ...
Registered in 0.133636 seconds.
Begin MonoManager ReloadAssembly
Native extension for WindowsStandalone target not found
Refreshing native plugins compatible for Editor in 3.65 ms, found 3 plugins.
Preloading 0 native plugins for Editor in 0.00 ms.
Mono: successfully reloaded assembly
- Completed reload, in  7.916 seconds
Domain Reload Profiling:
	ReloadAssembly (7918ms)
		BeginReloadAssembly (825ms)
			ExecutionOrderSort (0ms)
			DisableScriptedObjects (42ms)
			BackupInstance (0ms)
			ReleaseScriptingObjects (0ms)
			CreateAndSetChildDomain (168ms)
		EndReloadAssembly (6595ms)
			LoadAssemblies (850ms)
			RebuildTransferFunctionScriptingTraits (0ms)
			SetupTypeCache (2506ms)
			ReleaseScriptCaches (4ms)
			RebuildScriptCaches (352ms)
			SetupLoadedEditorAssemblies (2422ms)
				LogAssemblyErrors (0ms)
				InitializePlatformSupportModulesInManaged (50ms)
				SetLoadedEditorAssemblies (4ms)
				RefreshPlugins (4ms)
				BeforeProcessingInitializeOnLoad (766ms)
				ProcessInitializeOnLoadAttributes (1409ms)
				ProcessInitializeOnLoadMethodAttributes (93ms)
				AfterProcessingInitializeOnLoad (95ms)
				EditorAssembliesLoaded (1ms)
			ExecutionOrderSort2 (0ms)
			AwakeInstancesAfterBackupRestoration (70ms)
Platform modules already initialized, skipping
Refreshing native plugins compatible for Editor in 2.01 ms, found 3 plugins.
Preloading 0 native plugins for Editor in 0.00 ms.
Unloading 2348 Unused Serialized files (Serialized files now loaded: 0)
System memory in use before: 105.1 MB.
System memory in use after: 105.3 MB.

Unloading 18 unused Assets to reduce memory usage. Loaded Objects now: 2855.
Total: 13.554800 ms (FindLiveObjects: 0.622900 ms CreateObjectMapping: 0.477900 ms MarkObjects: 12.383400 ms  DeleteObjects: 0.066800 ms)

AssetImportParameters requested are different than current active one (requested -> active):
  custom:framework-win-MediaFoundation: 216162199b28c13a410421893ffa2e32 -> 
  custom:video-decoder-ogg-theora: a1e56fd34408186e4bbccfd4996cb3dc -> 
  custom:container-muxer-webm: aa71ff27fc2769a1b78a27578f13a17b -> 
  custom:container-demuxer-webm: 4f35f7cbe854078d1ac9338744f61a02 -> 
  custom:container-demuxer-ogg: 62fdf1f143b41e24485cea50d1cbac27 -> 
  custom:video-encoder-webm-vp8: eb34c28f22e8b96e1ab97ce403110664 -> 
  custom:video-codec-MediaFoundation-h265: 746d11721c4dcdbdad8f713fa42b33f4 -> 
  custom:video-decoder-webm-vp8: 9c59270c3fd7afecdb556c50c9e8de78 -> 
  custom:audio-decoder-ogg-vorbis: bf7c407c2cedff20999df2af8eb42d56 -> 
  custom:audio-encoder-webm-vorbis: bf7c407c2cedff20999df2af8eb42d56 -> 
========================================================================
Received Prepare
Registering precompiled user dll's ...
Registered in 0.078146 seconds.
Begin MonoManager ReloadAssembly
Native extension for WindowsStandalone target not found
Refreshing native plugins compatible for Editor in 10.03 ms, found 3 plugins.
Preloading 0 native plugins for Editor in 0.00 ms.
Mono: successfully reloaded assembly
- Completed reload, in  6.181 seconds
Domain Reload Profiling:
	ReloadAssembly (6182ms)
		BeginReloadAssembly (472ms)
			ExecutionOrderSort (0ms)
			DisableScriptedObjects (22ms)
			BackupInstance (0ms)
			ReleaseScriptingObjects (0ms)
			CreateAndSetChildDomain (96ms)
		EndReloadAssembly (5409ms)
			LoadAssemblies (477ms)
			RebuildTransferFunctionScriptingTraits (0ms)
			SetupTypeCache (1192ms)
			ReleaseScriptCaches (4ms)
			RebuildScriptCaches (383ms)
			SetupLoadedEditorAssemblies (2740ms)
				LogAssemblyErrors (0ms)
				InitializePlatformSupportModulesInManaged (45ms)
				SetLoadedEditorAssemblies (7ms)
				RefreshPlugins (11ms)
				BeforeProcessingInitializeOnLoad (861ms)
				ProcessInitializeOnLoadAttributes (1651ms)
				ProcessInitializeOnLoadMethodAttributes (76ms)
				AfterProcessingInitializeOnLoad (88ms)
				EditorAssembliesLoaded (1ms)
			ExecutionOrderSort2 (0ms)
			AwakeInstancesAfterBackupRestoration (59ms)
Platform modules already initialized, skipping
Refreshing native plugins compatible for Editor in 5.33 ms, found 3 plugins.
Preloading 0 native plugins for Editor in 0.00 ms.
Unloading 2348 Unused Serialized files (Serialized files now loaded: 0)
System memory in use before: 105.1 MB.
System memory in use after: 105.3 MB.

Unloading 18 unused Assets to reduce memory usage. Loaded Objects now: 2857.
Total: 32.813800 ms (FindLiveObjects: 1.465100 ms CreateObjectMapping: 1.296400 ms MarkObjects: 29.867700 ms  DeleteObjects: 0.171800 ms)

AssetImportParameters requested are different than current active one (requested -> active):
  custom:framework-win-MediaFoundation: 216162199b28c13a410421893ffa2e32 -> 
  custom:video-decoder-ogg-theora: a1e56fd34408186e4bbccfd4996cb3dc -> 
  custom:container-muxer-webm: aa71ff27fc2769a1b78a27578f13a17b -> 
  custom:container-demuxer-webm: 4f35f7cbe854078d1ac9338744f61a02 -> 
  custom:container-demuxer-ogg: 62fdf1f143b41e24485cea50d1cbac27 -> 
  custom:video-encoder-webm-vp8: eb34c28f22e8b96e1ab97ce403110664 -> 
  custom:video-codec-MediaFoundation-h265: 746d11721c4dcdbdad8f713fa42b33f4 -> 
  custom:video-decoder-webm-vp8: 9c59270c3fd7afecdb556c50c9e8de78 -> 
  custom:audio-decoder-ogg-vorbis: bf7c407c2cedff20999df2af8eb42d56 -> 
  custom:audio-encoder-webm-vorbis: bf7c407c2cedff20999df2af8eb42d56 -> 
========================================================================
Received Prepare
Registering precompiled user dll's ...
Registered in 0.088806 seconds.
Begin MonoManager ReloadAssembly
Native extension for WindowsStandalone target not found
Refreshing native plugins compatible for Editor in 2.65 ms, found 3 plugins.
Preloading 0 native plugins for Editor in 0.00 ms.
Mono: successfully reloaded assembly
- Completed reload, in  7.766 seconds
Domain Reload Profiling:
	ReloadAssembly (7768ms)
		BeginReloadAssembly (1004ms)
			ExecutionOrderSort (0ms)
			DisableScriptedObjects (43ms)
			BackupInstance (0ms)
			ReleaseScriptingObjects (0ms)
			CreateAndSetChildDomain (189ms)
		EndReloadAssembly (6161ms)
			LoadAssemblies (1015ms)
			RebuildTransferFunctionScriptingTraits (0ms)
			SetupTypeCache (2331ms)
			ReleaseScriptCaches (3ms)
			RebuildScriptCaches (277ms)
			SetupLoadedEditorAssemblies (2322ms)
				LogAssemblyErrors (0ms)
				InitializePlatformSupportModulesInManaged (26ms)
				SetLoadedEditorAssemblies (3ms)
				RefreshPlugins (3ms)
				BeforeProcessingInitializeOnLoad (669ms)
				ProcessInitializeOnLoadAttributes (1468ms)
				ProcessInitializeOnLoadMethodAttributes (82ms)
				AfterProcessingInitializeOnLoad (70ms)
				EditorAssembliesLoaded (1ms)
			ExecutionOrderSort2 (0ms)
			AwakeInstancesAfterBackupRestoration (58ms)
Platform modules already initialized, skipping
Refreshing native plugins compatible for Editor in 2.36 ms, found 3 plugins.
Preloading 0 native plugins for Editor in 0.00 ms.
Unloading 2348 Unused Serialized files (Serialized files now loaded: 0)
System memory in use before: 105.1 MB.
System memory in use after: 105.3 MB.

Unloading 18 unused Assets to reduce memory usage. Loaded Objects now: 2859.
Total: 15.988800 ms (FindLiveObjects: 0.972600 ms CreateObjectMapping: 0.725400 ms MarkObjects: 14.200600 ms  DeleteObjects: 0.085200 ms)

AssetImportParameters requested are different than current active one (requested -> active):
  custom:framework-win-MediaFoundation: 216162199b28c13a410421893ffa2e32 -> 
  custom:video-decoder-ogg-theora: a1e56fd34408186e4bbccfd4996cb3dc -> 
  custom:container-muxer-webm: aa71ff27fc2769a1b78a27578f13a17b -> 
  custom:container-demuxer-webm: 4f35f7cbe854078d1ac9338744f61a02 -> 
  custom:container-demuxer-ogg: 62fdf1f143b41e24485cea50d1cbac27 -> 
  custom:video-encoder-webm-vp8: eb34c28f22e8b96e1ab97ce403110664 -> 
  custom:video-codec-MediaFoundation-h265: 746d11721c4dcdbdad8f713fa42b33f4 -> 
  custom:video-decoder-webm-vp8: 9c59270c3fd7afecdb556c50c9e8de78 -> 
  custom:audio-decoder-ogg-vorbis: bf7c407c2cedff20999df2af8eb42d56 -> 
  custom:audio-encoder-webm-vorbis: bf7c407c2cedff20999df2af8eb42d56 -> 
========================================================================
Received Import Request.
  Time since last request: 2490.458523 seconds.
  path: Assets/Art/Animations/AnimationClips/Player/RubyIdleRight.anim
  artifactKey: Guid(03a8dc2afbae8c14e8ddd760c0bb9e3e) Importer(815301076,1909f56bfc062723c751e8b465ee728b)
Start importing Assets/Art/Animations/AnimationClips/Player/RubyIdleRight.anim using Guid(03a8dc2afbae8c14e8ddd760c0bb9e3e) Importer(815301076,1909f56bfc062723c751e8b465ee728b)  -> (artifact id: 'd7b21ce8e8e37898eba71abd18d0b203') in 0.093305 seconds 
  Import took 0.108322 seconds .

========================================================================
Received Import Request.
  Time since last request: 96.595538 seconds.
  path: Assets/Art/Animations/AnimationClips/Player/RubyHitDown.anim
  artifactKey: Guid(07f2b32839e2f98428c49d63421c8693) Importer(815301076,1909f56bfc062723c751e8b465ee728b)
Start importing Assets/Art/Animations/AnimationClips/Player/RubyHitDown.anim using Guid(07f2b32839e2f98428c49d63421c8693) Importer(815301076,1909f56bfc062723c751e8b465ee728b)  -> (artifact id: '0e4ae95246e6c1a904478d4e7d67fbb4') in 0.033750 seconds 
  Import took 0.047034 seconds .

========================================================================
Received Import Request.
  Time since last request: 2.308944 seconds.
  path: Assets/Art/Animations/AnimationClips/Player/RubyHitUp.anim
  artifactKey: Guid(7b8f71adb6a886d4e904c3583e981eed) Importer(815301076,1909f56bfc062723c751e8b465ee728b)
Start importing Assets/Art/Animations/AnimationClips/Player/RubyHitUp.anim using Guid(7b8f71adb6a886d4e904c3583e981eed) Importer(815301076,1909f56bfc062723c751e8b465ee728b)  -> (artifact id: '3ff3e6a77411323c87fd6a63f2936f63') in 0.037528 seconds 
  Import took 0.051892 seconds .

========================================================================
Received Import Request.
  Time since last request: 2.297951 seconds.
  path: Assets/Art/Animations/AnimationClips/Player/RubyHitLeft.anim
  artifactKey: Guid(c1b9a114c780f974284fddf886871a16) Importer(815301076,1909f56bfc062723c751e8b465ee728b)
Start importing Assets/Art/Animations/AnimationClips/Player/RubyHitLeft.anim using Guid(c1b9a114c780f974284fddf886871a16) Importer(815301076,1909f56bfc062723c751e8b465ee728b)  -> (artifact id: 'e6b514a791bdeb76d3830a7d70ba6a77') in 0.038914 seconds 
  Import took 0.052814 seconds .

========================================================================
Received Import Request.
  Time since last request: 0.521483 seconds.
  path: Assets/Art/Animations/AnimationClips/Player/RubyHitRight.anim
  artifactKey: Guid(58f46138981fa4944bcf388ef7cd9980) Importer(815301076,1909f56bfc062723c751e8b465ee728b)
Start importing Assets/Art/Animations/AnimationClips/Player/RubyHitRight.anim using Guid(58f46138981fa4944bcf388ef7cd9980) Importer(815301076,1909f56bfc062723c751e8b465ee728b)  -> (artifact id: 'e46a4e487d8da5168a943f85a947c8f2') in 0.034136 seconds 
  Import took 0.046947 seconds .

AssetImportWorkerClient::OnTransportError - code=2 error=End of file
